[debug] [2023-08-24T15:49:58.705Z] ----------------------------------------------------------------------
[debug] [2023-08-24T15:49:58.707Z] Command:       /usr/local/bin/node /usr/local/bin/firebase init
[debug] [2023-08-24T15:49:58.707Z] CLI Version:   12.5.1
[debug] [2023-08-24T15:49:58.707Z] Platform:      darwin
[debug] [2023-08-24T15:49:58.708Z] Node Version:  v18.17.1
[debug] [2023-08-24T15:49:58.709Z] Time:          Thu Aug 24 2023 21:19:58 GMT+0530 (India Standard Time)
[debug] [2023-08-24T15:49:58.709Z] ----------------------------------------------------------------------
[debug] 
[debug] [2023-08-24T15:49:58.713Z] > command requires scopes: ["email","openid","https://www.googleapis.com/auth/cloudplatformprojects.readonly","https://www.googleapis.com/auth/firebase","https://www.googleapis.com/auth/cloud-platform"]
[debug] [2023-08-24T15:49:58.713Z] > authorizing via signed-in user (it20169@glbitm.ac.in)
[info] 
     ######## #### ########  ######## ########     ###     ######  ########
     ##        ##  ##     ## ##       ##     ##  ##   ##  ##       ##
     ######    ##  ########  ######   ########  #########  ######  ######
     ##        ##  ##    ##  ##       ##     ## ##     ##       ## ##
     ##       #### ##     ## ######## ########  ##     ##  ######  ########

You're about to initialize a Firebase project in this directory:

  /Users/ankitraj/Desktop/temp/nodejs/public

[info] 
=== Project Setup
[info] 
[info] First, let's associate this project directory with a Firebase project.
[info] You can create multiple project aliases by running firebase use --add, 
[info] but for now we'll just set up a default project.
[info] 
[debug] [2023-08-24T15:50:07.509Z] >>> [apiv2][query] GET https://firebase.googleapis.com/v1beta1/projects pageSize=100
[debug] [2023-08-24T15:50:08.581Z] <<< [apiv2][status] GET https://firebase.googleapis.com/v1beta1/projects 200
[debug] [2023-08-24T15:50:08.582Z] <<< [apiv2][body] GET https://firebase.googleapis.com/v1beta1/projects [omitted]
[info] i  Using project node-prac-1 (node-prac-1) 
[info] 
=== Hosting Setup
[info] 
[info] Your public directory is the folder (relative to your project directory) that
[info] will contain Hosting assets to be uploaded with firebase deploy. If you
[info] have a build process for your assets, use your build's output directory.
[info] 
